<?xml version="1.0" encoding="UTF-8"?>
<testsuite xmlns:xsi="http://www.w3.org/2001/XMLSchema-instance" xsi:noNamespaceSchemaLocation="https://maven.apache.org/surefire/maven-surefire-plugin/xsd/surefire-test-report-3.0.xsd" version="3.0" name="BurgerTests" time="0.902" tests="6" errors="0" skipped="0" failures="0">
  <properties>
[...]
</properties>
  <testcase name="testGetPrice" classname="BurgerTests" time="0.203"/>
  <testcase name="testRemoveIngredient" classname="BurgerTests" time="0.007"/>
  <testcase name="testMoveIngredient" classname="BurgerTests" time="0.003"/>
  <testcase name="testGetReceipt" classname="BurgerTests" time="0.009"/>
  <testcase name="testSetBuns" classname="BurgerTests" time="0.001"/>
  <testcase name="testAddIngredient" classname="BurgerTests" time="0.001"/>
</testsuite>